This file contains any messages produced by compilers while
running configure, to aid debugging if configure makes a mistake.

It was created by libartivity configure 0.8.10, which was
generated by GNU Autoconf 2.69.  Invocation command line was

  $ ./configure 

## --------- ##
## Platform. ##
## --------- ##

hostname = Humpty-Mini.local
uname -m = x86_64
uname -r = 15.5.0
uname -s = Darwin
uname -v = Darwin Kernel Version 15.5.0: Tue Apr 19 18:36:36 PDT 2016; root:xnu-3248.50.21~8/RELEASE_X86_64

/usr/bin/uname -p = i386
/bin/uname -X     = unknown

/bin/arch              = unknown
/usr/bin/arch -k       = unknown
/usr/convex/getsysinfo = unknown
/usr/bin/hostinfo      = Mach kernel version:
	 Darwin Kernel Version 15.5.0: Tue Apr 19 18:36:36 PDT 2016; root:xnu-3248.50.21~8/RELEASE_X86_64
Kernel configured for up to 4 processors.
2 processors are physically available.
4 processors are logically available.
Processor type: x86_64h (Intel x86-64h Haswell)
Processors active: 0 1 2 3
Primary memory available: 8.00 gigabytes
Default processor set: 293 tasks, 1527 threads, 4 processors
Load average: 1.74, Mach factor: 2.25
/bin/machine           = unknown
/usr/bin/oslevel       = unknown
/bin/universe          = unknown

PATH: /usr/local/bin
PATH: /usr/bin
PATH: /bin
PATH: /usr/sbin
PATH: /sbin


## ----------- ##
## Core tests. ##
## ----------- ##

configure:2342: checking for a BSD-compatible install
configure:2410: result: /usr/bin/install -c
configure:2421: checking whether build environment is sane
configure:2476: result: yes
configure:2627: checking for a thread-safe mkdir -p
configure:2666: result: ./install-sh -c -d
configure:2673: checking for gawk
configure:2703: result: no
configure:2673: checking for mawk
configure:2703: result: no
configure:2673: checking for nawk
configure:2703: result: no
configure:2673: checking for awk
configure:2689: found /usr/bin/awk
configure:2700: result: awk
configure:2711: checking whether make sets $(MAKE)
configure:2733: result: yes
configure:2762: checking whether make supports nested variables
configure:2779: result: yes
configure:2935: checking build system type
configure:2949: result: x86_64-apple-darwin15.5.0
configure:2969: checking host system type
configure:2982: result: x86_64-apple-darwin15.5.0
configure:3023: checking how to print strings
configure:3050: result: printf
configure:3083: checking for style of include used by make
configure:3111: result: GNU
configure:3182: checking for gcc
configure:3198: found /usr/bin/gcc
configure:3209: result: gcc
configure:3438: checking for C compiler version
configure:3447: gcc --version >&5
Apple LLVM version 7.0.2 (clang-700.1.81)
Target: x86_64-apple-darwin15.5.0
Thread model: posix
Configured with: --prefix=/Applications/Xcode.app/Contents/Developer/usr --with-gxx-include-dir=/Applications/Xcode.app/Contents/Developer/Platforms/MacOSX.platform/Developer/SDKs/MacOSX10.11.sdk/usr/include/c++/4.2.1
configure:3458: $? = 0
configure:3447: gcc -v >&5
Configured with: --prefix=/Applications/Xcode.app/Contents/Developer/usr --with-gxx-include-dir=/Applications/Xcode.app/Contents/Developer/Platforms/MacOSX.platform/Developer/SDKs/MacOSX10.11.sdk/usr/include/c++/4.2.1
Apple LLVM version 7.0.2 (clang-700.1.81)
Target: x86_64-apple-darwin15.5.0
Thread model: posix
configure:3458: $? = 0
configure:3447: gcc -V >&5
clang: error: argument to '-V' is missing (expected 1 value)
clang: error: no input files
configure:3458: $? = 1
configure:3447: gcc -qversion >&5
clang: error: unknown argument: '-qversion'
clang: error: no input files
configure:3458: $? = 1
configure:3478: checking whether the C compiler works
configure:3500: gcc    conftest.c  >&5
configure:3504: $? = 0
configure:3552: result: yes
configure:3555: checking for C compiler default output file name
configure:3557: result: a.out
configure:3563: checking for suffix of executables
configure:3570: gcc -o conftest    conftest.c  >&5
configure:3574: $? = 0
configure:3596: result: 
configure:3618: checking whether we are cross compiling
configure:3626: gcc -o conftest    conftest.c  >&5
configure:3630: $? = 0
configure:3637: ./conftest
configure:3641: $? = 0
configure:3656: result: no
configure:3661: checking for suffix of object files
configure:3683: gcc -c   conftest.c >&5
configure:3687: $? = 0
configure:3708: result: o
configure:3712: checking whether we are using the GNU C compiler
configure:3731: gcc -c   conftest.c >&5
configure:3731: $? = 0
configure:3740: result: yes
configure:3749: checking whether gcc accepts -g
configure:3769: gcc -c -g  conftest.c >&5
configure:3769: $? = 0
configure:3810: result: yes
configure:3827: checking for gcc option to accept ISO C89
configure:3890: gcc  -c -g -O2  conftest.c >&5
configure:3890: $? = 0
configure:3903: result: none needed
configure:3928: checking whether gcc understands -c and -o together
configure:3950: gcc -c conftest.c -o conftest2.o
configure:3953: $? = 0
configure:3950: gcc -c conftest.c -o conftest2.o
configure:3953: $? = 0
configure:3965: result: yes
configure:3984: checking dependency style of gcc
configure:4095: result: gcc3
configure:4110: checking for a sed that does not truncate output
configure:4174: result: /usr/bin/sed
configure:4192: checking for grep that handles long lines and -e
configure:4250: result: /usr/bin/grep
configure:4255: checking for egrep
configure:4317: result: /usr/bin/grep -E
configure:4322: checking for fgrep
configure:4384: result: /usr/bin/grep -F
configure:4419: checking for ld used by gcc
configure:4486: result: /Applications/Xcode.app/Contents/Developer/Toolchains/XcodeDefault.xctoolchain/usr/bin/ld
configure:4493: checking if the linker (/Applications/Xcode.app/Contents/Developer/Toolchains/XcodeDefault.xctoolchain/usr/bin/ld) is GNU ld
configure:4508: result: no
configure:4520: checking for BSD- or MS-compatible name lister (nm)
configure:4574: result: /usr/bin/nm
configure:4704: checking the name lister (/usr/bin/nm) interface
configure:4711: gcc -c -g -O2  conftest.c >&5
configure:4714: /usr/bin/nm "conftest.o"
configure:4717: output
00000000000001fc S _some_variable
configure:4724: result: BSD nm
configure:4727: checking whether ln -s works
configure:4731: result: yes
configure:4739: checking the maximum length of command line arguments
configure:4870: result: 196608
configure:4918: checking how to convert x86_64-apple-darwin15.5.0 file names to x86_64-apple-darwin15.5.0 format
configure:4958: result: func_convert_file_noop
configure:4965: checking how to convert x86_64-apple-darwin15.5.0 file names to toolchain format
configure:4985: result: func_convert_file_noop
configure:4992: checking for /Applications/Xcode.app/Contents/Developer/Toolchains/XcodeDefault.xctoolchain/usr/bin/ld option to reload object files
configure:4999: result: -r
configure:5073: checking for objdump
configure:5103: result: no
configure:5132: checking how to recognize dependent libraries
configure:5332: result: pass_all
configure:5417: checking for dlltool
configure:5447: result: no
configure:5477: checking how to associate runtime and link libraries
configure:5504: result: printf %s\n
configure:5565: checking for ar
configure:5581: found /usr/bin/ar
configure:5592: result: ar
configure:5629: checking for archiver @FILE support
configure:5646: gcc -c -g -O2  conftest.c >&5
configure:5646: $? = 0
configure:5649: ar cru libconftest.a @conftest.lst >&5
ar: @conftest.lst: No such file or directory
configure:5652: $? = 1
configure:5672: result: no
configure:5730: checking for strip
configure:5746: found /usr/bin/strip
configure:5757: result: strip
configure:5829: checking for ranlib
configure:5845: found /usr/bin/ranlib
configure:5856: result: ranlib
configure:5958: checking command to parse /usr/bin/nm output from gcc object
configure:6111: gcc -c -g -O2  conftest.c >&5
configure:6114: $? = 0
configure:6118: /usr/bin/nm conftest.o \| sed -n -e 's/^.*[ ]\([BCDEGRST][BCDEGRST]*\)[ ][ ]*\([_A-Za-z][_A-Za-z0-9]*\)$/\1 \2 \2/p' | sed '/ __gnu_lto/d' \> conftest.nm
configure:6121: $? = 0
cannot find nm_test_var in conftest.nm
configure:6111: gcc -c -g -O2  conftest.c >&5
configure:6114: $? = 0
configure:6118: /usr/bin/nm conftest.o \| sed -n -e 's/^.*[ ]\([BCDEGRST][BCDEGRST]*\)[ ][ ]*_\([_A-Za-z][_A-Za-z0-9]*\)$/\1 _\2 \2/p' | sed '/ __gnu_lto/d' \> conftest.nm
configure:6121: $? = 0
configure:6187: gcc -o conftest -g -O2   conftest.c conftstm.o >&5
warning: (x86_64)  could not find object file symbol for symbol _main
configure:6190: $? = 0
configure:6228: result: ok
configure:6275: checking for sysroot
configure:6305: result: no
configure:6312: checking for a working dd
configure:6350: result: /bin/dd
configure:6354: checking how to truncate binary pipes
configure:6369: result: /bin/dd bs=4096 count=1
configure:6698: checking for mt
configure:6728: result: no
configure:6748: checking if : is a manifest tool
configure:6754: : '-?'
configure:6762: result: no
configure:6818: checking for dsymutil
configure:6834: found /usr/bin/dsymutil
configure:6845: result: dsymutil
configure:6910: checking for nmedit
configure:6926: found /usr/bin/nmedit
configure:6937: result: nmedit
configure:7002: checking for lipo
configure:7018: found /usr/bin/lipo
configure:7029: result: lipo
configure:7094: checking for otool
configure:7110: found /usr/bin/otool
configure:7121: result: otool
configure:7186: checking for otool64
configure:7216: result: no
configure:7261: checking for -single_module linker flag
gcc -g -O2  -o libconftest.dylib -dynamiclib -Wl,-single_module conftest.c
configure:7294: result: yes
configure:7297: checking for -exported_symbols_list linker flag
configure:7317: gcc -o conftest -g -O2   -Wl,-exported_symbols_list,conftest.sym conftest.c  >&5
configure:7317: $? = 0
configure:7327: result: yes
configure:7330: checking for -force_load linker flag
gcc -g -O2 -c -o conftest.o conftest.c
ar cru libconftest.a conftest.o
ranlib libconftest.a
gcc -g -O2  -o conftest conftest.c -Wl,-force_load,./libconftest.a
configure:7362: result: yes
configure:7439: checking how to run the C preprocessor
configure:7470: gcc -E  conftest.c
configure:7470: $? = 0
configure:7484: gcc -E  conftest.c
conftest.c:12:10: fatal error: 'ac_nonexistent.h' file not found
#include <ac_nonexistent.h>
         ^
1 error generated.
configure:7484: $? = 1
configure: failed program was:
| /* confdefs.h */
| #define PACKAGE_NAME "libartivity"
| #define PACKAGE_TARNAME "libartivity"
| #define PACKAGE_VERSION "0.8.10"
| #define PACKAGE_STRING "libartivity 0.8.10"
| #define PACKAGE_BUGREPORT ""
| #define PACKAGE_URL ""
| #define CXX11 1
| #define PACKAGE "libartivity"
| #define VERSION "0.8.10"
| /* end confdefs.h.  */
| #include <ac_nonexistent.h>
configure:7509: result: gcc -E
configure:7529: gcc -E  conftest.c
configure:7529: $? = 0
configure:7543: gcc -E  conftest.c
conftest.c:12:10: fatal error: 'ac_nonexistent.h' file not found
#include <ac_nonexistent.h>
         ^
1 error generated.
configure:7543: $? = 1
configure: failed program was:
| /* confdefs.h */
| #define PACKAGE_NAME "libartivity"
| #define PACKAGE_TARNAME "libartivity"
| #define PACKAGE_VERSION "0.8.10"
| #define PACKAGE_STRING "libartivity 0.8.10"
| #define PACKAGE_BUGREPORT ""
| #define PACKAGE_URL ""
| #define CXX11 1
| #define PACKAGE "libartivity"
| #define VERSION "0.8.10"
| /* end confdefs.h.  */
| #include <ac_nonexistent.h>
configure:7572: checking for ANSI C header files
configure:7592: gcc -c -g -O2  conftest.c >&5
configure:7592: $? = 0
configure:7665: gcc -o conftest -g -O2   conftest.c  >&5
configure:7665: $? = 0
configure:7665: ./conftest
configure:7665: $? = 0
configure:7676: result: yes
configure:7689: checking for sys/types.h
configure:7689: gcc -c -g -O2  conftest.c >&5
configure:7689: $? = 0
configure:7689: result: yes
configure:7689: checking for sys/stat.h
configure:7689: gcc -c -g -O2  conftest.c >&5
configure:7689: $? = 0
configure:7689: result: yes
configure:7689: checking for stdlib.h
configure:7689: gcc -c -g -O2  conftest.c >&5
configure:7689: $? = 0
configure:7689: result: yes
configure:7689: checking for string.h
configure:7689: gcc -c -g -O2  conftest.c >&5
configure:7689: $? = 0
configure:7689: result: yes
configure:7689: checking for memory.h
configure:7689: gcc -c -g -O2  conftest.c >&5
configure:7689: $? = 0
configure:7689: result: yes
configure:7689: checking for strings.h
configure:7689: gcc -c -g -O2  conftest.c >&5
configure:7689: $? = 0
configure:7689: result: yes
configure:7689: checking for inttypes.h
configure:7689: gcc -c -g -O2  conftest.c >&5
configure:7689: $? = 0
configure:7689: result: yes
configure:7689: checking for stdint.h
configure:7689: gcc -c -g -O2  conftest.c >&5
configure:7689: $? = 0
configure:7689: result: yes
configure:7689: checking for unistd.h
configure:7689: gcc -c -g -O2  conftest.c >&5
configure:7689: $? = 0
configure:7689: result: yes
configure:7703: checking for dlfcn.h
configure:7703: gcc -c -g -O2  conftest.c >&5
configure:7703: $? = 0
configure:7703: result: yes
configure:7958: checking for objdir
configure:7973: result: .libs
configure:8233: checking if gcc supports -fno-rtti -fno-exceptions
configure:8251: gcc -c -g -O2  -fno-rtti -fno-exceptions conftest.c >&5
configure:8255: $? = 0
configure:8268: result: yes
configure:8626: checking for gcc option to produce PIC
configure:8633: result: -fno-common -DPIC
configure:8641: checking if gcc PIC flag -fno-common -DPIC works
configure:8659: gcc -c -g -O2  -fno-common -DPIC -DPIC conftest.c >&5
configure:8663: $? = 0
configure:8676: result: yes
configure:8705: checking if gcc static flag -static works
configure:8733: result: no
configure:8748: checking if gcc supports -c -o file.o
configure:8769: gcc -c -g -O2  -o out/conftest2.o conftest.c >&5
configure:8773: $? = 0
configure:8795: result: yes
configure:8803: checking if gcc supports -c -o file.o
configure:8850: result: yes
configure:8883: checking whether the gcc linker (/Applications/Xcode.app/Contents/Developer/Toolchains/XcodeDefault.xctoolchain/usr/bin/ld) supports shared libraries
configure:10142: result: yes
configure:10382: checking dynamic linker characteristics
configure:11200: result: darwin15.5.0 dyld
configure:11322: checking how to hardcode library paths into programs
configure:11347: result: immediate
configure:11392: checking for dlopen in -ldl
configure:11417: gcc -o conftest -g -O2   conftest.c -ldl   >&5
configure:11417: $? = 0
configure:11426: result: yes
configure:11649: checking whether a program can dlopen itself
configure:11729: gcc -o conftest -g -O2  -DHAVE_DLFCN_H   conftest.c -ldl  >&5
configure:11732: $? = 0
configure:11750: result: yes
configure:11755: checking whether a statically linked program can dlopen itself
configure:11835: gcc -o conftest -g -O2  -DHAVE_DLFCN_H    conftest.c -ldl  >&5
configure:11838: $? = 0
configure:11856: result: yes
configure:11895: checking whether stripping libraries is possible
configure:11909: result: yes
configure:11935: checking if libtool supports shared libraries
configure:11937: result: yes
configure:11940: checking whether to build shared libraries
configure:11965: result: yes
configure:11968: checking whether to build static libraries
configure:11972: result: yes
configure:12074: checking for g++
configure:12090: found /usr/bin/g++
configure:12101: result: g++
configure:12128: checking for C++ compiler version
configure:12137: g++ --version >&5
Apple LLVM version 7.0.2 (clang-700.1.81)
Target: x86_64-apple-darwin15.5.0
Thread model: posix
Configured with: --prefix=/Applications/Xcode.app/Contents/Developer/usr --with-gxx-include-dir=/Applications/Xcode.app/Contents/Developer/Platforms/MacOSX.platform/Developer/SDKs/MacOSX10.11.sdk/usr/include/c++/4.2.1
configure:12148: $? = 0
configure:12137: g++ -v >&5
Configured with: --prefix=/Applications/Xcode.app/Contents/Developer/usr --with-gxx-include-dir=/Applications/Xcode.app/Contents/Developer/Platforms/MacOSX.platform/Developer/SDKs/MacOSX10.11.sdk/usr/include/c++/4.2.1
Apple LLVM version 7.0.2 (clang-700.1.81)
Target: x86_64-apple-darwin15.5.0
Thread model: posix
configure:12148: $? = 0
configure:12137: g++ -V >&5
clang: error: argument to '-V' is missing (expected 1 value)
clang: error: no input files
configure:12148: $? = 1
configure:12137: g++ -qversion >&5
clang: error: unknown argument: '-qversion'
clang: error: no input files
configure:12148: $? = 1
configure:12152: checking whether we are using the GNU C++ compiler
configure:12171: g++ -c  -std=c++11  conftest.cpp >&5
configure:12171: $? = 0
configure:12180: result: yes
configure:12189: checking whether g++ accepts -g
configure:12209: g++ -c -g  conftest.cpp >&5
configure:12209: $? = 0
configure:12250: result: yes
configure:12275: checking dependency style of g++
configure:12386: result: gcc3
configure:12419: checking how to run the C++ preprocessor
configure:12446: g++ -E  conftest.cpp
configure:12446: $? = 0
configure:12460: g++ -E  conftest.cpp
conftest.cpp:24:10: fatal error: 'ac_nonexistent.h' file not found
#include <ac_nonexistent.h>
         ^
1 error generated.
configure:12460: $? = 1
configure: failed program was:
| /* confdefs.h */
| #define PACKAGE_NAME "libartivity"
| #define PACKAGE_TARNAME "libartivity"
| #define PACKAGE_VERSION "0.8.10"
| #define PACKAGE_STRING "libartivity 0.8.10"
| #define PACKAGE_BUGREPORT ""
| #define PACKAGE_URL ""
| #define CXX11 1
| #define PACKAGE "libartivity"
| #define VERSION "0.8.10"
| #define STDC_HEADERS 1
| #define HAVE_SYS_TYPES_H 1
| #define HAVE_SYS_STAT_H 1
| #define HAVE_STDLIB_H 1
| #define HAVE_STRING_H 1
| #define HAVE_MEMORY_H 1
| #define HAVE_STRINGS_H 1
| #define HAVE_INTTYPES_H 1
| #define HAVE_STDINT_H 1
| #define HAVE_UNISTD_H 1
| #define HAVE_DLFCN_H 1
| #define LT_OBJDIR ".libs/"
| /* end confdefs.h.  */
| #include <ac_nonexistent.h>
configure:12485: result: g++ -E
configure:12505: g++ -E  conftest.cpp
configure:12505: $? = 0
configure:12519: g++ -E  conftest.cpp
conftest.cpp:24:10: fatal error: 'ac_nonexistent.h' file not found
#include <ac_nonexistent.h>
         ^
1 error generated.
configure:12519: $? = 1
configure: failed program was:
| /* confdefs.h */
| #define PACKAGE_NAME "libartivity"
| #define PACKAGE_TARNAME "libartivity"
| #define PACKAGE_VERSION "0.8.10"
| #define PACKAGE_STRING "libartivity 0.8.10"
| #define PACKAGE_BUGREPORT ""
| #define PACKAGE_URL ""
| #define CXX11 1
| #define PACKAGE "libartivity"
| #define VERSION "0.8.10"
| #define STDC_HEADERS 1
| #define HAVE_SYS_TYPES_H 1
| #define HAVE_SYS_STAT_H 1
| #define HAVE_STDLIB_H 1
| #define HAVE_STRING_H 1
| #define HAVE_MEMORY_H 1
| #define HAVE_STRINGS_H 1
| #define HAVE_INTTYPES_H 1
| #define HAVE_STDINT_H 1
| #define HAVE_UNISTD_H 1
| #define HAVE_DLFCN_H 1
| #define LT_OBJDIR ".libs/"
| /* end confdefs.h.  */
| #include <ac_nonexistent.h>
configure:12681: checking for ld used by g++
configure:12748: result: /Applications/Xcode.app/Contents/Developer/Toolchains/XcodeDefault.xctoolchain/usr/bin/ld
configure:12755: checking if the linker (/Applications/Xcode.app/Contents/Developer/Toolchains/XcodeDefault.xctoolchain/usr/bin/ld) is GNU ld
configure:12770: result: no
configure:12825: checking whether the g++ linker (/Applications/Xcode.app/Contents/Developer/Toolchains/XcodeDefault.xctoolchain/usr/bin/ld) supports shared libraries
configure:13898: result: yes
configure:13934: g++ -c  -std=c++11  conftest.cpp >&5
configure:13937: $? = 0
configure:14418: checking for g++ option to produce PIC
configure:14425: result: -fno-common -DPIC
configure:14433: checking if g++ PIC flag -fno-common -DPIC works
configure:14451: g++ -c  -std=c++11  -fno-common -DPIC -DPIC conftest.cpp >&5
configure:14455: $? = 0
configure:14468: result: yes
configure:14491: checking if g++ static flag -static works
configure:14519: result: no
configure:14531: checking if g++ supports -c -o file.o
configure:14552: g++ -c  -std=c++11  -o out/conftest2.o conftest.cpp >&5
configure:14556: $? = 0
configure:14578: result: yes
configure:14583: checking if g++ supports -c -o file.o
configure:14630: result: yes
configure:14660: checking whether the g++ linker (/Applications/Xcode.app/Contents/Developer/Toolchains/XcodeDefault.xctoolchain/usr/bin/ld) supports shared libraries
configure:14700: result: yes
configure:14841: checking dynamic linker characteristics
configure:15586: result: darwin15.5.0 dyld
configure:15651: checking how to hardcode library paths into programs
configure:15676: result: immediate
configure:15718: checking for curl_easy_perform in -lcurl
configure:15743: gcc -o conftest -g -O2   conftest.c -lcurl   >&5
configure:15743: $? = 0
configure:15752: result: yes
configure:15909: checking that generated files are newer than configure
configure:15915: result: done
configure:15942: creating ./config.status

## ---------------------- ##
## Running config.status. ##
## ---------------------- ##

This file was extended by libartivity config.status 0.8.10, which was
generated by GNU Autoconf 2.69.  Invocation command line was

  CONFIG_FILES    = 
  CONFIG_HEADERS  = 
  CONFIG_LINKS    = 
  CONFIG_COMMANDS = 
  $ ./config.status 

on Humpty-Mini.local

config.status:1074: creating Makefile
config.status:1074: creating src/Makefile
config.status:1074: creating libartivity.pc
config.status:1246: executing depfiles commands
config.status:1246: executing libtool commands

## ---------------- ##
## Cache variables. ##
## ---------------- ##

ac_cv_build=x86_64-apple-darwin15.5.0
ac_cv_c_compiler_gnu=yes
ac_cv_cxx_compiler_gnu=yes
ac_cv_env_CCC_set=
ac_cv_env_CCC_value=
ac_cv_env_CC_set=
ac_cv_env_CC_value=
ac_cv_env_CFLAGS_set=
ac_cv_env_CFLAGS_value=
ac_cv_env_CPPFLAGS_set=
ac_cv_env_CPPFLAGS_value=
ac_cv_env_CPP_set=
ac_cv_env_CPP_value=
ac_cv_env_CXXCPP_set=
ac_cv_env_CXXCPP_value=
ac_cv_env_CXXFLAGS_set=
ac_cv_env_CXXFLAGS_value=
ac_cv_env_CXX_set=
ac_cv_env_CXX_value=
ac_cv_env_LDFLAGS_set=
ac_cv_env_LDFLAGS_value=
ac_cv_env_LIBS_set=
ac_cv_env_LIBS_value=
ac_cv_env_LT_SYS_LIBRARY_PATH_set=
ac_cv_env_LT_SYS_LIBRARY_PATH_value=
ac_cv_env_build_alias_set=
ac_cv_env_build_alias_value=
ac_cv_env_host_alias_set=
ac_cv_env_host_alias_value=
ac_cv_env_target_alias_set=
ac_cv_env_target_alias_value=
ac_cv_header_dlfcn_h=yes
ac_cv_header_inttypes_h=yes
ac_cv_header_memory_h=yes
ac_cv_header_stdc=yes
ac_cv_header_stdint_h=yes
ac_cv_header_stdlib_h=yes
ac_cv_header_string_h=yes
ac_cv_header_strings_h=yes
ac_cv_header_sys_stat_h=yes
ac_cv_header_sys_types_h=yes
ac_cv_header_unistd_h=yes
ac_cv_host=x86_64-apple-darwin15.5.0
ac_cv_lib_curl_curl_easy_perform=yes
ac_cv_lib_dl_dlopen=yes
ac_cv_objext=o
ac_cv_path_EGREP='/usr/bin/grep -E'
ac_cv_path_FGREP='/usr/bin/grep -F'
ac_cv_path_GREP=/usr/bin/grep
ac_cv_path_SED=/usr/bin/sed
ac_cv_path_install='/usr/bin/install -c'
ac_cv_path_lt_DD=/bin/dd
ac_cv_prog_AWK=awk
ac_cv_prog_CPP='gcc -E'
ac_cv_prog_CXXCPP='g++ -E'
ac_cv_prog_ac_ct_AR=ar
ac_cv_prog_ac_ct_CC=gcc
ac_cv_prog_ac_ct_CXX=g++
ac_cv_prog_ac_ct_DSYMUTIL=dsymutil
ac_cv_prog_ac_ct_LIPO=lipo
ac_cv_prog_ac_ct_NMEDIT=nmedit
ac_cv_prog_ac_ct_OTOOL=otool
ac_cv_prog_ac_ct_RANLIB=ranlib
ac_cv_prog_ac_ct_STRIP=strip
ac_cv_prog_cc_c89=
ac_cv_prog_cc_g=yes
ac_cv_prog_cxx_g=yes
ac_cv_prog_make_make_set=yes
am_cv_CC_dependencies_compiler_type=gcc3
am_cv_CXX_dependencies_compiler_type=gcc3
am_cv_make_support_nested_variables=yes
am_cv_prog_cc_c_o=yes
lt_cv_apple_cc_single_mod=yes
lt_cv_ar_at_file=no
lt_cv_deplibs_check_method=pass_all
lt_cv_dlopen=dlopen
lt_cv_dlopen_libs=-ldl
lt_cv_dlopen_self=yes
lt_cv_dlopen_self_static=yes
lt_cv_file_magic_cmd='$MAGIC_CMD'
lt_cv_file_magic_test_file=
lt_cv_ld_exported_symbols_list=yes
lt_cv_ld_force_load=yes
lt_cv_ld_reload_flag=-r
lt_cv_nm_interface='BSD nm'
lt_cv_objdir=.libs
lt_cv_path_LD=/Applications/Xcode.app/Contents/Developer/Toolchains/XcodeDefault.xctoolchain/usr/bin/ld
lt_cv_path_LDCXX=/Applications/Xcode.app/Contents/Developer/Toolchains/XcodeDefault.xctoolchain/usr/bin/ld
lt_cv_path_NM=/usr/bin/nm
lt_cv_path_mainfest_tool=no
lt_cv_prog_compiler_c_o=yes
lt_cv_prog_compiler_c_o_CXX=yes
lt_cv_prog_compiler_pic='-fno-common -DPIC'
lt_cv_prog_compiler_pic_CXX='-fno-common -DPIC'
lt_cv_prog_compiler_pic_works=yes
lt_cv_prog_compiler_pic_works_CXX=yes
lt_cv_prog_compiler_rtti_exceptions=yes
lt_cv_prog_compiler_static_works=no
lt_cv_prog_compiler_static_works_CXX=no
lt_cv_prog_gnu_ld=no
lt_cv_prog_gnu_ldcxx=no
lt_cv_sharedlib_from_linklib_cmd='printf %s\n'
lt_cv_sys_global_symbol_pipe='sed -n -e '\''s/^.*[	 ]\([BCDEGRST][BCDEGRST]*\)[	 ][	 ]*_\([_A-Za-z][_A-Za-z0-9]*\)$/\1 _\2 \2/p'\'' | sed '\''/ __gnu_lto/d'\'''
lt_cv_sys_global_symbol_to_c_name_address='sed -n -e '\''s/^: \(.*\) .*$/  {"\1", (void *) 0},/p'\'' -e '\''s/^[BCDEGRST][BCDEGRST]* .* \(.*\)$/  {"\1", (void *) \&\1},/p'\'''
lt_cv_sys_global_symbol_to_c_name_address_lib_prefix='sed -n -e '\''s/^: \(.*\) .*$/  {"\1", (void *) 0},/p'\'' -e '\''s/^[BCDEGRST][BCDEGRST]* .* \(lib.*\)$/  {"\1", (void *) \&\1},/p'\'' -e '\''s/^[BCDEGRST][BCDEGRST]* .* \(.*\)$/  {"lib\1", (void *) \&\1},/p'\'''
lt_cv_sys_global_symbol_to_cdecl='sed -n -e '\''s/^T .* \(.*\)$/extern int \1();/p'\'' -e '\''s/^[BCDEGRST][BCDEGRST]* .* \(.*\)$/extern char \1;/p'\'''
lt_cv_sys_global_symbol_to_import=
lt_cv_sys_max_cmd_len=196608
lt_cv_to_host_file_cmd=func_convert_file_noop
lt_cv_to_tool_file_cmd=func_convert_file_noop
lt_cv_truncate_bin='/bin/dd bs=4096 count=1'

## ----------------- ##
## Output variables. ##
## ----------------- ##

ACLOCAL='${SHELL} /Users/sebastian/Projects/Artivity/libartivity/missing aclocal-1.15'
AMDEPBACKSLASH='\'
AMDEP_FALSE='#'
AMDEP_TRUE=''
AMTAR='$${TAR-tar}'
AM_BACKSLASH='\'
AM_DEFAULT_V='$(AM_DEFAULT_VERBOSITY)'
AM_DEFAULT_VERBOSITY='1'
AM_V='$(V)'
AR='ar'
AUTOCONF='${SHELL} /Users/sebastian/Projects/Artivity/libartivity/missing autoconf'
AUTOHEADER='${SHELL} /Users/sebastian/Projects/Artivity/libartivity/missing autoheader'
AUTOMAKE='${SHELL} /Users/sebastian/Projects/Artivity/libartivity/missing automake-1.15'
AWK='awk'
CC='gcc'
CCDEPMODE='depmode=gcc3'
CFLAGS='-g -O2'
CPP='gcc -E'
CPPFLAGS=''
CXX='g++'
CXXCPP='g++ -E'
CXXDEPMODE='depmode=gcc3'
CXXFLAGS=' -std=c++11'
CYGPATH_W='echo'
DEFS='-DPACKAGE_NAME=\"libartivity\" -DPACKAGE_TARNAME=\"libartivity\" -DPACKAGE_VERSION=\"0.8.10\" -DPACKAGE_STRING=\"libartivity\ 0.8.10\" -DPACKAGE_BUGREPORT=\"\" -DPACKAGE_URL=\"\" -DCXX11=1 -DPACKAGE=\"libartivity\" -DVERSION=\"0.8.10\" -DSTDC_HEADERS=1 -DHAVE_SYS_TYPES_H=1 -DHAVE_SYS_STAT_H=1 -DHAVE_STDLIB_H=1 -DHAVE_STRING_H=1 -DHAVE_MEMORY_H=1 -DHAVE_STRINGS_H=1 -DHAVE_INTTYPES_H=1 -DHAVE_STDINT_H=1 -DHAVE_UNISTD_H=1 -DHAVE_DLFCN_H=1 -DLT_OBJDIR=\".libs/\" -DHAVE_LIBCURL=1'
DEPDIR='.deps'
DLLTOOL='false'
DSYMUTIL='dsymutil'
DUMPBIN=''
ECHO_C='\c'
ECHO_N=''
ECHO_T=''
EGREP='/usr/bin/grep -E'
EXEEXT=''
FGREP='/usr/bin/grep -F'
GREP='/usr/bin/grep'
INSTALL_DATA='${INSTALL} -m 644'
INSTALL_PROGRAM='${INSTALL}'
INSTALL_SCRIPT='${INSTALL}'
INSTALL_STRIP_PROGRAM='$(install_sh) -c -s'
LD='/Applications/Xcode.app/Contents/Developer/Toolchains/XcodeDefault.xctoolchain/usr/bin/ld'
LDFLAGS=''
LIBARTIVITY_MAJOR_VERSION='0'
LIBARTIVITY_MICRO_VERSION='10'
LIBARTIVITY_MINOR_VERSION='8'
LIBARTIVITY_VERSION='0.8.10'
LIBOBJS=''
LIBS='-lcurl '
LIBTOOL='$(SHELL) $(top_builddir)/libtool'
LIPO='lipo'
LN_S='ln -s'
LTLIBOBJS=''
LT_RELEASE='0.8'
LT_SYS_LIBRARY_PATH=''
LT_VERSION='10'
MAKEINFO='${SHELL} /Users/sebastian/Projects/Artivity/libartivity/missing makeinfo'
MANIFEST_TOOL=':'
MKDIR_P='./install-sh -c -d'
NM='/usr/bin/nm'
NMEDIT='nmedit'
OBJDUMP='false'
OBJEXT='o'
OTOOL64=':'
OTOOL='otool'
PACKAGE='libartivity'
PACKAGE_BUGREPORT=''
PACKAGE_NAME='libartivity'
PACKAGE_STRING='libartivity 0.8.10'
PACKAGE_TARNAME='libartivity'
PACKAGE_URL=''
PACKAGE_VERSION='0.8.10'
PATH_SEPARATOR=':'
RANLIB='ranlib'
SED='/usr/bin/sed'
SET_MAKE=''
SHELL='/bin/sh'
STRIP='strip'
VERSION='0.8.10'
ac_ct_AR='ar'
ac_ct_CC='gcc'
ac_ct_CXX='g++'
ac_ct_DUMPBIN=''
am__EXEEXT_FALSE=''
am__EXEEXT_TRUE='#'
am__fastdepCC_FALSE='#'
am__fastdepCC_TRUE=''
am__fastdepCXX_FALSE='#'
am__fastdepCXX_TRUE=''
am__include='include'
am__isrc=''
am__leading_dot='.'
am__nodep='_no'
am__quote=''
am__tar='$${TAR-tar} chof - "$$tardir"'
am__untar='$${TAR-tar} xf -'
bindir='${exec_prefix}/bin'
build='x86_64-apple-darwin15.5.0'
build_alias=''
build_cpu='x86_64'
build_os='darwin15.5.0'
build_vendor='apple'
datadir='${datarootdir}'
datarootdir='${prefix}/share'
docdir='${datarootdir}/doc/${PACKAGE_TARNAME}'
dvidir='${docdir}'
exec_prefix='${prefix}'
host='x86_64-apple-darwin15.5.0'
host_alias=''
host_cpu='x86_64'
host_os='darwin15.5.0'
host_vendor='apple'
htmldir='${docdir}'
includedir='${prefix}/include'
infodir='${datarootdir}/info'
install_sh='${SHELL} /Users/sebastian/Projects/Artivity/libartivity/install-sh'
libdir='${exec_prefix}/lib'
libexecdir='${exec_prefix}/libexec'
localedir='${datarootdir}/locale'
localstatedir='${prefix}/var'
mandir='${datarootdir}/man'
mkdir_p='$(MKDIR_P)'
oldincludedir='/usr/include'
pdfdir='${docdir}'
prefix='/usr/local'
program_transform_name='s,x,x,'
psdir='${docdir}'
sbindir='${exec_prefix}/sbin'
sharedstatedir='${prefix}/com'
sysconfdir='${prefix}/etc'
target_alias=''

## ----------- ##
## confdefs.h. ##
## ----------- ##

/* confdefs.h */
#define PACKAGE_NAME "libartivity"
#define PACKAGE_TARNAME "libartivity"
#define PACKAGE_VERSION "0.8.10"
#define PACKAGE_STRING "libartivity 0.8.10"
#define PACKAGE_BUGREPORT ""
#define PACKAGE_URL ""
#define CXX11 1
#define PACKAGE "libartivity"
#define VERSION "0.8.10"
#define STDC_HEADERS 1
#define HAVE_SYS_TYPES_H 1
#define HAVE_SYS_STAT_H 1
#define HAVE_STDLIB_H 1
#define HAVE_STRING_H 1
#define HAVE_MEMORY_H 1
#define HAVE_STRINGS_H 1
#define HAVE_INTTYPES_H 1
#define HAVE_STDINT_H 1
#define HAVE_UNISTD_H 1
#define HAVE_DLFCN_H 1
#define LT_OBJDIR ".libs/"
#define HAVE_LIBCURL 1

configure: exit 0
